# JRE version: OpenJDK Runtime Environment Temurin-17.0.10+7 (17.0.10+7) (build 17.0.10+7)
# Java VM: OpenJDK 64-Bit Server VM Temurin-17.0.10+7 (17.0.10+7, mixed mode, tiered, compressed oops, compressed class ptrs, parallel gc, windows-amd64)
GC Precious Log:
 CPUs: 4 total, 4 available
 Memory: 3862M
 Large Page Support: Disabled
 NUMA Support: Disabled
 Compressed Oops: Enabled (32-bit)
 Alignments: Space 512K, Generation 512K, Heap 2M
 Heap Min Capacity: 100M
 Heap Initial Capacity: 100M
 Heap Max Capacity: 1G
 Pre-touch: Disabled
 Parallel Workers: 4
Heap:
 PSYoungGen      total 19968K, used 3817K [0x00000000eab00000, 0x00000000ec100000, 0x0000000100000000)
  eden space 18432K, 12% used [0x00000000eab00000,0x00000000ead3a4e0,0x00000000ebd00000)
  from space 1536K, 100% used [0x00000000ebe00000,0x00000000ebf80000,0x00000000ebf80000)
  to   space 1536K, 0% used [0x00000000ebf80000,0x00000000ebf80000,0x00000000ec100000)
 ParOldGen       total 68608K, used 42992K [0x00000000c0000000, 0x00000000c4300000, 0x00000000eab00000)
  object space 68608K, 62% used [0x00000000c0000000,0x00000000c29fc1d8,0x00000000c4300000)
 Metaspace       used 55580K, committed 56576K, reserved 1114112K
  class space    used 5933K, committed 6400K, reserved 1048576K
GC Heap History (20 events):
Event: 21.532 GC heap before
{Heap before GC invocations=22 (full 2):
 PSYoungGen      total 24576K, used 24128K [0x00000000eab00000, 0x00000000ec680000, 0x0000000100000000)
  eden space 22016K, 100% used [0x00000000eab00000,0x00000000ec080000,0x00000000ec080000)
  from space 2560K, 82% used [0x00000000ec080000,0x00000000ec290020,0x00000000ec300000)
  to   space 3072K, 0% used [0x00000000ec380000,0x00000000ec380000,0x00000000ec680000)
 ParOldGen       total 68608K, used 23020K [0x00000000c0000000, 0x00000000c4300000, 0x00000000eab00000)
  object space 68608K, 33% used [0x00000000c0000000,0x00000000c167b2f8,0x00000000c4300000)
 Metaspace       used 52684K, committed 53696K, reserved 1114112K
  class space    used 5665K, committed 6080K, reserved 1048576K
}
Event: 21.537 GC heap after
{Heap after GC invocations=22 (full 2):
 PSYoungGen      total 24576K, used 2176K [0x00000000eab00000, 0x00000000ec600000, 0x0000000100000000)
  eden space 22016K, 0% used [0x00000000eab00000,0x00000000eab00000,0x00000000ec080000)
  from space 2560K, 85% used [0x00000000ec380000,0x00000000ec5a0010,0x00000000ec600000)
  to   space 2560K, 0% used [0x00000000ec080000,0x00000000ec080000,0x00000000ec300000)
 ParOldGen       total 68608K, used 25004K [0x00000000c0000000, 0x00000000c4300000, 0x00000000eab00000)
  object space 68608K, 36% used [0x00000000c0000000,0x00000000c186b308,0x00000000c4300000)
 Metaspace       used 52684K, committed 53696K, reserved 1114112K
  class space    used 5665K, committed 6080K, reserved 1048576K
}
Event: 21.847 GC heap before
{Heap before GC invocations=23 (full 2):
 PSYoungGen      total 24576K, used 24192K [0x00000000eab00000, 0x00000000ec600000, 0x0000000100000000)
  eden space 22016K, 100% used [0x00000000eab00000,0x00000000ec080000,0x00000000ec080000)
  from space 2560K, 85% used [0x00000000ec380000,0x00000000ec5a0010,0x00000000ec600000)
  to   space 2560K, 0% used [0x00000000ec080000,0x00000000ec080000,0x00000000ec300000)
 ParOldGen       total 68608K, used 25004K [0x00000000c0000000, 0x00000000c4300000, 0x00000000eab00000)
  object space 68608K, 36% used [0x00000000c0000000,0x00000000c186b308,0x00000000c4300000)
 Metaspace       used 52891K, committed 53952K, reserved 1114112K
  class space    used 5695K, committed 6144K, reserved 1048576K
}
Event: 21.852 GC heap after
{Heap after GC invocations=23 (full 2):
 PSYoungGen      total 24576K, used 2176K [0x00000000eab00000, 0x00000000ec580000, 0x0000000100000000)
  eden space 22016K, 0% used [0x00000000eab00000,0x00000000eab00000,0x00000000ec080000)
  from space 2560K, 85% used [0x00000000ec080000,0x00000000ec2a0000,0x00000000ec300000)
  to   space 2560K, 0% used [0x00000000ec300000,0x00000000ec300000,0x00000000ec580000)
 ParOldGen       total 68608K, used 27132K [0x00000000c0000000, 0x00000000c4300000, 0x00000000eab00000)
  object space 68608K, 39% used [0x00000000c0000000,0x00000000c1a7f318,0x00000000c4300000)
 Metaspace       used 52891K, committed 53952K, reserved 1114112K
  class space    used 5695K, committed 6144K, reserved 1048576K
}
Event: 21.974 GC heap before
{Heap before GC invocations=24 (full 2):
 PSYoungGen      total 24576K, used 24192K [0x00000000eab00000, 0x00000000ec580000, 0x0000000100000000)
  eden space 22016K, 100% used [0x00000000eab00000,0x00000000ec080000,0x00000000ec080000)
  from space 2560K, 85% used [0x00000000ec080000,0x00000000ec2a0000,0x00000000ec300000)
  to   space 2560K, 0% used [0x00000000ec300000,0x00000000ec300000,0x00000000ec580000)
 ParOldGen       total 68608K, used 27132K [0x00000000c0000000, 0x00000000c4300000, 0x00000000eab00000)
  object space 68608K, 39% used [0x00000000c0000000,0x00000000c1a7f318,0x00000000c4300000)
 Metaspace       used 52892K, committed 53952K, reserved 1114112K
  class space    used 5695K, committed 6144K, reserved 1048576K
}
Event: 21.978 GC heap after
{Heap after GC invocations=24 (full 2):
 PSYoungGen      total 24576K, used 2464K [0x00000000eab00000, 0x00000000ec580000, 0x0000000100000000)
  eden space 22016K, 0% used [0x00000000eab00000,0x00000000eab00000,0x00000000ec080000)
  from space 2560K, 96% used [0x00000000ec300000,0x00000000ec568010,0x00000000ec580000)
  to   space 2560K, 0% used [0x00000000ec080000,0x00000000ec080000,0x00000000ec300000)
 ParOldGen       total 68608K, used 29259K [0x00000000c0000000, 0x00000000c4300000, 0x00000000eab00000)
  object space 68608K, 42% used [0x00000000c0000000,0x00000000c1c92f28,0x00000000c4300000)
 Metaspace       used 52892K, committed 53952K, reserved 1114112K
  class space    used 5695K, committed 6144K, reserved 1048576K
}
Event: 22.201 GC heap before
{Heap before GC invocations=25 (full 2):
 PSYoungGen      total 24576K, used 24480K [0x00000000eab00000, 0x00000000ec580000, 0x0000000100000000)
  eden space 22016K, 100% used [0x00000000eab00000,0x00000000ec080000,0x00000000ec080000)
  from space 2560K, 96% used [0x00000000ec300000,0x00000000ec568010,0x00000000ec580000)
  to   space 2560K, 0% used [0x00000000ec080000,0x00000000ec080000,0x00000000ec300000)
 ParOldGen       total 68608K, used 29259K [0x00000000c0000000, 0x00000000c4300000, 0x00000000eab00000)
  object space 68608K, 42% used [0x00000000c0000000,0x00000000c1c92f28,0x00000000c4300000)
 Metaspace       used 52923K, committed 53952K, reserved 1114112K
  class space    used 5698K, committed 6144K, reserved 1048576K
}
Event: 22.209 GC heap after
{Heap after GC invocations=25 (full 2):
 PSYoungGen      total 24576K, used 2368K [0x00000000eab00000, 0x00000000ec580000, 0x0000000100000000)
  eden space 22016K, 0% used [0x00000000eab00000,0x00000000eab00000,0x00000000ec080000)
  from space 2560K, 92% used [0x00000000ec080000,0x00000000ec2d0000,0x00000000ec300000)
  to   space 2560K, 0% used [0x00000000ec300000,0x00000000ec300000,0x00000000ec580000)
 ParOldGen       total 68608K, used 31691K [0x00000000c0000000, 0x00000000c4300000, 0x00000000eab00000)
  object space 68608K, 46% used [0x00000000c0000000,0x00000000c1ef2f38,0x00000000c4300000)
 Metaspace       used 52923K, committed 53952K, reserved 1114112K
  class space    used 5698K, committed 6144K, reserved 1048576K
}
Event: 22.977 GC heap before
{Heap before GC invocations=26 (full 2):
 PSYoungGen      total 24576K, used 24384K [0x00000000eab00000, 0x00000000ec580000, 0x0000000100000000)
  eden space 22016K, 100% used [0x00000000eab00000,0x00000000ec080000,0x00000000ec080000)
  from space 2560K, 92% used [0x00000000ec080000,0x00000000ec2d0000,0x00000000ec300000)
  to   space 2560K, 0% used [0x00000000ec300000,0x00000000ec300000,0x00000000ec580000)
 ParOldGen       total 68608K, used 31691K [0x00000000c0000000, 0x00000000c4300000, 0x00000000eab00000)
  object space 68608K, 46% used [0x00000000c0000000,0x00000000c1ef2f38,0x00000000c4300000)
 Metaspace       used 53599K, committed 54656K, reserved 1114112K
  class space    used 5752K, committed 6208K, reserved 1048576K
}
Event: 22.983 GC heap after
{Heap after GC invocations=26 (full 2):
 PSYoungGen      total 20992K, used 2532K [0x00000000eab00000, 0x00000000ecc80000, 0x0000000100000000)
  eden space 18432K, 0% used [0x00000000eab00000,0x00000000eab00000,0x00000000ebd00000)
  from space 2560K, 98% used [0x00000000ec300000,0x00000000ec579000,0x00000000ec580000)
  to   space 6144K, 0% used [0x00000000ebd00000,0x00000000ebd00000,0x00000000ec300000)
 ParOldGen       total 68608K, used 34616K [0x00000000c0000000, 0x00000000c4300000, 0x00000000eab00000)
  object space 68608K, 50% used [0x00000000c0000000,0x00000000c21ce2b0,0x00000000c4300000)
 Metaspace       used 53599K, committed 54656K, reserved 1114112K
  class space    used 5752K, committed 6208K, reserved 1048576K
}
Event: 25.750 GC heap before
{Heap before GC invocations=27 (full 2):
 PSYoungGen      total 20992K, used 20964K [0x00000000eab00000, 0x00000000ecc80000, 0x0000000100000000)
  eden space 18432K, 100% used [0x00000000eab00000,0x00000000ebd00000,0x00000000ebd00000)
  from space 2560K, 98% used [0x00000000ec300000,0x00000000ec579000,0x00000000ec580000)
  to   space 6144K, 0% used [0x00000000ebd00000,0x00000000ebd00000,0x00000000ec300000)
 ParOldGen       total 68608K, used 34616K [0x00000000c0000000, 0x00000000c4300000, 0x00000000eab00000)
  object space 68608K, 50% used [0x00000000c0000000,0x00000000c21ce2b0,0x00000000c4300000)
 Metaspace       used 53876K, committed 54912K, reserved 1114112K
  class space    used 5771K, committed 6208K, reserved 1048576K
}
Event: 25.758 GC heap after
{Heap after GC invocations=27 (full 2):
 PSYoungGen      total 20480K, used 1709K [0x00000000eab00000, 0x00000000ec380000, 0x0000000100000000)
  eden space 18432K, 0% used [0x00000000eab00000,0x00000000eab00000,0x00000000ebd00000)
  from space 2048K, 83% used [0x00000000ebd00000,0x00000000ebeab510,0x00000000ebf00000)
  to   space 3072K, 0% used [0x00000000ec080000,0x00000000ec080000,0x00000000ec380000)
 ParOldGen       total 68608K, used 36812K [0x00000000c0000000, 0x00000000c4300000, 0x00000000eab00000)
  object space 68608K, 53% used [0x00000000c0000000,0x00000000c23f32e0,0x00000000c4300000)
 Metaspace       used 53876K, committed 54912K, reserved 1114112K
  class space    used 5771K, committed 6208K, reserved 1048576K
}
Event: 28.155 GC heap before
{Heap before GC invocations=28 (full 2):
 PSYoungGen      total 20480K, used 20141K [0x00000000eab00000, 0x00000000ec380000, 0x0000000100000000)
  eden space 18432K, 100% used [0x00000000eab00000,0x00000000ebd00000,0x00000000ebd00000)
  from space 2048K, 83% used [0x00000000ebd00000,0x00000000ebeab510,0x00000000ebf00000)
  to   space 3072K, 0% used [0x00000000ec080000,0x00000000ec080000,0x00000000ec380000)
 ParOldGen       total 68608K, used 36812K [0x00000000c0000000, 0x00000000c4300000, 0x00000000eab00000)
  object space 68608K, 53% used [0x00000000c0000000,0x00000000c23f32e0,0x00000000c4300000)
 Metaspace       used 54616K, committed 55680K, reserved 1114112K
  class space    used 5839K, committed 6272K, reserved 1048576K
}
Event: 28.157 GC heap after
{Heap after GC invocations=28 (full 2):
 PSYoungGen      total 20480K, used 1959K [0x00000000eab00000, 0x00000000ec280000, 0x0000000100000000)
  eden space 18432K, 0% used [0x00000000eab00000,0x00000000eab00000,0x00000000ebd00000)
  from space 2048K, 95% used [0x00000000ec080000,0x00000000ec269e68,0x00000000ec280000)
  to   space 2560K, 0% used [0x00000000ebd80000,0x00000000ebd80000,0x00000000ec000000)
 ParOldGen       total 68608K, used 37657K [0x00000000c0000000, 0x00000000c4300000, 0x00000000eab00000)
  object space 68608K, 54% used [0x00000000c0000000,0x00000000c24c6638,0x00000000c4300000)
 Metaspace       used 54616K, committed 55680K, reserved 1114112K
  class space    used 5839K, committed 6272K, reserved 1048576K
}
Event: 29.969 GC heap before
{Heap before GC invocations=29 (full 2):
 PSYoungGen      total 20480K, used 20391K [0x00000000eab00000, 0x00000000ec280000, 0x0000000100000000)
  eden space 18432K, 100% used [0x00000000eab00000,0x00000000ebd00000,0x00000000ebd00000)
  from space 2048K, 95% used [0x00000000ec080000,0x00000000ec269e68,0x00000000ec280000)
  to   space 2560K, 0% used [0x00000000ebd80000,0x00000000ebd80000,0x00000000ec000000)
 ParOldGen       total 68608K, used 37657K [0x00000000c0000000, 0x00000000c4300000, 0x00000000eab00000)
  object space 68608K, 54% used [0x00000000c0000000,0x00000000c24c6638,0x00000000c4300000)
 Metaspace       used 54771K, committed 55808K, reserved 1114112K
  class space    used 5851K, committed 6336K, reserved 1048576K
}
Event: 29.972 GC heap after
{Heap after GC invocations=29 (full 2):
 PSYoungGen      total 20480K, used 1942K [0x00000000eab00000, 0x00000000ec100000, 0x0000000100000000)
  eden space 18432K, 0% used [0x00000000eab00000,0x00000000eab00000,0x00000000ebd00000)
  from space 2048K, 94% used [0x00000000ebd80000,0x00000000ebf65828,0x00000000ebf80000)
  to   space 1536K, 0% used [0x00000000ebf80000,0x00000000ebf80000,0x00000000ec100000)
 ParOldGen       total 68608K, used 38846K [0x00000000c0000000, 0x00000000c4300000, 0x00000000eab00000)
  object space 68608K, 56% used [0x00000000c0000000,0x00000000c25efb68,0x00000000c4300000)
 Metaspace       used 54771K, committed 55808K, reserved 1114112K
  class space    used 5851K, committed 6336K, reserved 1048576K
}
Event: 30.131 GC heap before
{Heap before GC invocations=30 (full 2):
 PSYoungGen      total 20480K, used 20374K [0x00000000eab00000, 0x00000000ec100000, 0x0000000100000000)
  eden space 18432K, 100% used [0x00000000eab00000,0x00000000ebd00000,0x00000000ebd00000)
  from space 2048K, 94% used [0x00000000ebd80000,0x00000000ebf65828,0x00000000ebf80000)
  to   space 1536K, 0% used [0x00000000ebf80000,0x00000000ebf80000,0x00000000ec100000)
 ParOldGen       total 68608K, used 38846K [0x00000000c0000000, 0x00000000c4300000, 0x00000000eab00000)
  object space 68608K, 56% used [0x00000000c0000000,0x00000000c25efb68,0x00000000c4300000)
 Metaspace       used 55152K, committed 56128K, reserved 1114112K
  class space    used 5891K, committed 6336K, reserved 1048576K
}
Event: 30.134 GC heap after
{Heap after GC invocations=30 (full 2):
 PSYoungGen      total 19968K, used 1047K [0x00000000eab00000, 0x00000000ec100000, 0x0000000100000000)
  eden space 18432K, 0% used [0x00000000eab00000,0x00000000eab00000,0x00000000ebd00000)
  from space 1536K, 68% used [0x00000000ebf80000,0x00000000ec085fc8,0x00000000ec100000)
  to   space 1536K, 0% used [0x00000000ebe00000,0x00000000ebe00000,0x00000000ebf80000)
 ParOldGen       total 68608K, used 41482K [0x00000000c0000000, 0x00000000c4300000, 0x00000000eab00000)
  object space 68608K, 60% used [0x00000000c0000000,0x00000000c2882880,0x00000000c4300000)
 Metaspace       used 55152K, committed 56128K, reserved 1114112K
  class space    used 5891K, committed 6336K, reserved 1048576K
}
Event: 30.262 GC heap before
{Heap before GC invocations=31 (full 2):
 PSYoungGen      total 19968K, used 19479K [0x00000000eab00000, 0x00000000ec100000, 0x0000000100000000)
  eden space 18432K, 100% used [0x00000000eab00000,0x00000000ebd00000,0x00000000ebd00000)
  from space 1536K, 68% used [0x00000000ebf80000,0x00000000ec085fc8,0x00000000ec100000)
  to   space 1536K, 0% used [0x00000000ebe00000,0x00000000ebe00000,0x00000000ebf80000)
 ParOldGen       total 68608K, used 41482K [0x00000000c0000000, 0x00000000c4300000, 0x00000000eab00000)
  object space 68608K, 60% used [0x00000000c0000000,0x00000000c2882880,0x00000000c4300000)
 Metaspace       used 55317K, committed 56320K, reserved 1114112K
  class space    used 5907K, committed 6336K, reserved 1048576K
}
Event: 30.266 GC heap after
{Heap after GC invocations=31 (full 2):
 PSYoungGen      total 19968K, used 1536K [0x00000000eab00000, 0x00000000ec100000, 0x0000000100000000)
  eden space 18432K, 0% used [0x00000000eab00000,0x00000000eab00000,0x00000000ebd00000)
  from space 1536K, 100% used [0x00000000ebe00000,0x00000000ebf80000,0x00000000ebf80000)
  to   space 1536K, 0% used [0x00000000ebf80000,0x00000000ebf80000,0x00000000ec100000)
 ParOldGen       total 68608K, used 42992K [0x00000000c0000000, 0x00000000c4300000, 0x00000000eab00000)
  object space 68608K, 62% used [0x00000000c0000000,0x00000000c29fc1d8,0x00000000c4300000)
 Metaspace       used 55317K, committed 56320K, reserved 1114112K
  class space    used 5907K, committed 6336K, reserved 1048576K
}

