# JRE version: Java(TM) SE Runtime Environment (18.0.1+10) (build 18.0.1+10-24)
# Java VM: Java HotSpot(TM) 64-Bit Server VM (18.0.1+10-24, mixed mode, sharing, tiered, compressed oops, compressed class ptrs, g1 gc, windows-amd64)
GC Precious Log:
 CardTable entry size: 512
 Card Set container configuration: InlinePtr #cards 5 size 8 Array Of Cards #cards 12 size 40 Howl #buckets 4 coarsen threshold 1843 Howl Bitmap #cards 512 size 80 coarsen threshold 460 Card regions per heap region 1 cards per card region 2048
 CPUs: 4 total, 4 available
 Memory: 3862M
 Large Page Support: Disabled
 NUMA Support: Disabled
 Compressed Oops: Enabled (32-bit)
 Heap Region Size: 1M
 Heap Min Capacity: 8M
 Heap Initial Capacity: 62M
 Heap Max Capacity: 966M
 Pre-touch: Disabled
 Parallel Workers: 4
 Concurrent Workers: 1
 Concurrent Refinement Workers: 4
 Periodic GC: Disabled
Heap:
 garbage-first heap   total 63488K, used 24580K [0x00000000c3a00000, 0x0000000100000000)
  region size 1024K, 17 young (17408K), 2 survivors (2048K)
 Metaspace       used 9085K, committed 9280K, reserved 1114112K
  class space    used 922K, committed 1024K, reserved 1048576K
GC Heap History (6 events):
Event: 3.066 GC heap before
{Heap before GC invocations=0 (full 0):
 garbage-first heap   total 63488K, used 14336K [0x00000000c3a00000, 0x0000000100000000)
  region size 1024K, 13 young (13312K), 0 survivors (0K)
 Metaspace       used 4179K, committed 4288K, reserved 1114112K
  class space    used 401K, committed 448K, reserved 1048576K
}
Event: 3.349 GC heap after
{Heap after GC invocations=1 (full 0):
 garbage-first heap   total 63488K, used 4576K [0x00000000c3a00000, 0x0000000100000000)
  region size 1024K, 2 young (2048K), 2 survivors (2048K)
 Metaspace       used 4179K, committed 4288K, reserved 1114112K
  class space    used 401K, committed 448K, reserved 1048576K
}
Event: 7.680 GC heap before
{Heap before GC invocations=1 (full 0):
 garbage-first heap   total 63488K, used 15840K [0x00000000c3a00000, 0x0000000100000000)
  region size 1024K, 14 young (14336K), 2 survivors (2048K)
 Metaspace       used 7341K, committed 7488K, reserved 1114112K
  class space    used 747K, committed 832K, reserved 1048576K
}
Event: 7.687 GC heap after
{Heap after GC invocations=2 (full 0):
 garbage-first heap   total 63488K, used 6057K [0x00000000c3a00000, 0x0000000100000000)
  region size 1024K, 2 young (2048K), 2 survivors (2048K)
 Metaspace       used 7341K, committed 7488K, reserved 1114112K
  class space    used 747K, committed 832K, reserved 1048576K
}
Event: 8.094 GC heap before
{Heap before GC invocations=2 (full 0):
 garbage-first heap   total 63488K, used 28585K [0x00000000c3a00000, 0x0000000100000000)
  region size 1024K, 24 young (24576K), 2 survivors (2048K)
 Metaspace       used 7389K, committed 7552K, reserved 1114112K
  class space    used 747K, committed 832K, reserved 1048576K
}
Event: 8.096 GC heap after
{Heap after GC invocations=3 (full 0):
 garbage-first heap   total 63488K, used 6148K [0x00000000c3a00000, 0x0000000100000000)
  region size 1024K, 2 young (2048K), 2 survivors (2048K)
 Metaspace       used 7389K, committed 7552K, reserved 1114112K
  class space    used 747K, committed 832K, reserved 1048576K
}

